[2022-11-27 19:55:11,515] multiqc                                            [DEBUG  ]  This is MultiQC v1.13
[2022-11-27 19:55:11,517] multiqc                                            [DEBUG  ]  Loading config settings from: multiqc_config.yml
[2022-11-27 19:55:11,517] multiqc                                            [DEBUG  ]  New config: {'report_comment': 'This report has been generated by the <a href="https://github.com/nf-core/bamtoichorcna" target="_blank">nf-core/bamtoichorcna</a> analysis pipeline. For information about how to interpret these results, please see the <a href="https://nf-co.re/bamtoichorcna" target="_blank">documentation</a>.\n', 'report_section_order': {'nf-core-bamtoichorcna-methods-description': {'order': -1000}, 'software_versions': {'order': -1001}, 'nf-core-bamtoichorcna-summary': {'order': -1002}}, 'export_plots': True}
[2022-11-27 19:55:11,519] multiqc                                            [DEBUG  ]  Loading config settings from: multiqc_config.yml
[2022-11-27 19:55:11,519] multiqc                                            [DEBUG  ]  New config: {'report_comment': 'This report has been generated by the <a href="https://github.com/nf-core/bamtoichorcna" target="_blank">nf-core/bamtoichorcna</a> analysis pipeline. For information about how to interpret these results, please see the <a href="https://nf-co.re/bamtoichorcna" target="_blank">documentation</a>.\n', 'report_section_order': {'nf-core-bamtoichorcna-methods-description': {'order': -1000}, 'software_versions': {'order': -1001}, 'nf-core-bamtoichorcna-summary': {'order': -1002}}, 'export_plots': True}
[2022-11-27 19:55:11,519] multiqc                                            [DEBUG  ]  Command used: /usr/local/bin/multiqc --force --config multiqc_config.yml .
[2022-11-27 19:55:11,951] multiqc                                            [DEBUG  ]  Latest MultiQC version is v1.13
[2022-11-27 19:55:11,952] multiqc                                            [DEBUG  ]  Working dir : /workspace/tools/nf-core-bamtoichorcna/work/3e/9acef0564ecdcaa59b8c99df063b17
[2022-11-27 19:55:11,952] multiqc                                            [DEBUG  ]  Template    : default
[2022-11-27 19:55:11,952] multiqc                                            [DEBUG  ]  Running Python 3.10.6 | packaged by conda-forge | (main, Aug 22 2022, 20:35:26) [GCC 10.4.0]
[2022-11-27 19:55:11,952] multiqc                                            [DEBUG  ]  Analysing modules: custom_content, ccs, ngsderive, purple, conpair, lima, peddy, somalier, methylQA, mosdepth, phantompeakqualtools, qualimap, preseq, quast, qorts, rna_seqc, rockhopper, rsem, rseqc, busco, bustools, goleft_indexcov, gffcompare, disambiguate, supernova, deeptools, sargasso, verifybamid, mirtrace, happy, mirtop, sambamba, homer, hops, macs2, theta2, snpeff, gatk, htseq, bcftools, featureCounts, fgbio, dragen, dedup, pbmarkdup, damageprofiler, biobambam2, jcvi, mtnucratio, picard, vep, sentieon, prokka, qc3C, nanostat, samblaster, samtools, sexdeterrmine, eigenstratdatabasetools, bamtools, jellyfish, vcftools, longranger, stacks, varscan2, snippy, bbmap, bismark, biscuit, hicexplorer, hicup, hicpro, salmon, kallisto, slamdunk, star, hisat2, tophat, bowtie2, bowtie1, snpsplit, odgi, pangolin, kat, leehom, adapterRemoval, clipandmerge, cutadapt, flexbar, kaiju, kraken, malt, trimmomatic, sickle, skewer, sortmerna, biobloomtools, fastq_screen, afterqc, fastp, fastqc, pychopper, pycoqc, minionqc, multivcfanalyzer, clusterflow, checkqc, bcl2fastq, bclconvert, interop, ivar, flash, seqyclean, optitype, whatshap
[2022-11-27 19:55:11,952] multiqc                                            [DEBUG  ]  Using temporary directory for creating report: /tmp/tmpnqftzdk4
[2022-11-27 19:55:12,129] multiqc                                            [INFO   ]  Search path : /workspace/tools/nf-core-bamtoichorcna/work/3e/9acef0564ecdcaa59b8c99df063b17
[2022-11-27 19:55:12,283] multiqc                                            [DEBUG  ]  Summary of files that were skipped by the search: [skipped_module_specific_max_filesize: 15] // [skipped_no_match: 12] // [skipped_ignore_pattern: 4]
[2022-11-27 19:55:13,014] multiqc.plots.bargraph                             [DEBUG  ]  Using matplotlib version 3.5.3
[2022-11-27 19:55:13,015] multiqc.plots.linegraph                            [DEBUG  ]  Using matplotlib version 3.5.3
[2022-11-27 19:55:13,024] multiqc.modules.custom_content.custom_content      [INFO   ]  nf-core-bamtoichorcna-methods-description: Found 1 sample (html)
[2022-11-27 19:55:13,024] multiqc.modules.custom_content.custom_content      [INFO   ]  nf-core-bamtoichorcna-summary: Found 1 sample (html)
[2022-11-27 19:55:13,024] multiqc.modules.custom_content.custom_content      [INFO   ]  software_versions: Found 1 sample (html)
[2022-11-27 19:55:14,942] multiqc.modules.samtools.samtools                  [INFO   ]  Found 2 stats reports
[2022-11-27 19:55:14,947] multiqc.modules.samtools.samtools                  [INFO   ]  Found 2 flagstat reports
[2022-11-27 19:55:20,636] multiqc.modules.samtools.samtools                  [INFO   ]  Found 2 idxstats reports
[2022-11-27 19:55:20,636] multiqc                                            [DEBUG  ]  Reordering sections: anchor 'nf-core-bamtoichorcna-methods-description' not found for module 'Samtools'.
[2022-11-27 19:55:20,636] multiqc                                            [DEBUG  ]  Reordering sections: anchor 'software_versions' not found for module 'Samtools'.
[2022-11-27 19:55:20,636] multiqc                                            [DEBUG  ]  Reordering sections: anchor 'nf-core-bamtoichorcna-summary' not found for module 'Samtools'.
[2022-11-27 19:55:20,636] multiqc                                            [DEBUG  ]  Reordering sections: anchor 'nf-core-bamtoichorcna-methods-description' not found for module 'nf-core/bamtoichorcna Methods Description'.
[2022-11-27 19:55:20,636] multiqc                                            [DEBUG  ]  Reordering sections: anchor 'software_versions' not found for module 'nf-core/bamtoichorcna Methods Description'.
[2022-11-27 19:55:20,636] multiqc                                            [DEBUG  ]  Reordering sections: anchor 'nf-core-bamtoichorcna-summary' not found for module 'nf-core/bamtoichorcna Methods Description'.
[2022-11-27 19:55:20,636] multiqc                                            [DEBUG  ]  Reordering sections: anchor 'nf-core-bamtoichorcna-methods-description' not found for module 'nf-core/bamtoichorcna Software Versions'.
[2022-11-27 19:55:20,636] multiqc                                            [DEBUG  ]  Reordering sections: anchor 'software_versions' not found for module 'nf-core/bamtoichorcna Software Versions'.
[2022-11-27 19:55:20,636] multiqc                                            [DEBUG  ]  Reordering sections: anchor 'nf-core-bamtoichorcna-summary' not found for module 'nf-core/bamtoichorcna Software Versions'.
[2022-11-27 19:55:20,636] multiqc                                            [DEBUG  ]  Reordering sections: anchor 'nf-core-bamtoichorcna-methods-description' not found for module 'nf-core/bamtoichorcna Workflow Summary'.
[2022-11-27 19:55:20,636] multiqc                                            [DEBUG  ]  Reordering sections: anchor 'software_versions' not found for module 'nf-core/bamtoichorcna Workflow Summary'.
[2022-11-27 19:55:20,636] multiqc                                            [DEBUG  ]  Reordering sections: anchor 'nf-core-bamtoichorcna-summary' not found for module 'nf-core/bamtoichorcna Workflow Summary'.
[2022-11-27 19:55:20,642] multiqc                                            [INFO   ]  Compressing plot data
[2022-11-27 19:55:20,657] multiqc                                            [INFO   ]  Report      : multiqc_report.html
[2022-11-27 19:55:20,657] multiqc                                            [INFO   ]  Data        : multiqc_data
[2022-11-27 19:55:20,658] multiqc                                            [DEBUG  ]  Moving data file from '/tmp/tmpnqftzdk4/multiqc_data' to '/workspace/tools/nf-core-bamtoichorcna/work/3e/9acef0564ecdcaa59b8c99df063b17/multiqc_data'
[2022-11-27 19:55:20,659] multiqc                                            [INFO   ]  Plots       : multiqc_plots
[2022-11-27 19:55:20,659] multiqc                                            [DEBUG  ]  Moving plots directory from '/tmp/tmpnqftzdk4/multiqc_plots' to '/workspace/tools/nf-core-bamtoichorcna/work/3e/9acef0564ecdcaa59b8c99df063b17/multiqc_plots'
[2022-11-27 19:55:20,782] multiqc                                            [INFO   ]  MultiQC complete
